<?xml version="1.0" encoding="UTF-8"?>
<!-- Generated by org.testng.reporters.JUnitReportReporter -->
<testsuite hostname="LAPTOP-BV99JJVE" failures="0" tests="2" name="com_Aug_08.itestContextDemo" time="11.122" errors="0" timestamp="2020-08-08T11:21:32 EDT" skipped="0">
  <testcase classname="com_Aug_08.itestContextDemo" name="Amazon" time="5.620"/>
  <system-out/>
  <testcase classname="com_Aug_08.itestContextDemo" name="facebook" time="5.502"/>
  <system-out/>
</testsuite> <!-- com_Aug_08.itestContextDemo -->
